
*** Running vivado
    with args -log cuoiki_wrapper.vds -m64 -product Vivado -mode batch -messageDb vivado.pb -notrace -source cuoiki_wrapper.tcl



****** Vivado v2022.2 (64-bit)
  **** SW Build 3671981 on Fri Oct 14 05:00:03 MDT 2022
  **** IP Build 3669848 on Fri Oct 14 08:30:02 MDT 2022
    ** Copyright 1986-2022 Xilinx, Inc. All Rights Reserved.

source cuoiki_wrapper.tcl -notrace
create_project: Time (s): cpu = 00:00:19 ; elapsed = 00:00:21 . Memory (MB): peak = 552.383 ; gain = 125.910
INFO: [IP_Flow 19-234] Refreshing IP repositories
INFO: [IP_Flow 19-1700] Loaded user IP repository 'c:/Users/S88 Service/Desktop/vivado_nhng/ip_repo'.
INFO: [IP_Flow 19-2313] Loaded Vivado IP repository 'C:/Xilinx/Vivado/2022.2/data/ip'.
Command: read_checkpoint -auto_incremental -incremental {C:/Users/S88 Service/Desktop/vivado_nhng/ednacuoiki/ednacuoiki.srcs/utils_1/imports/synth_1/cuoiki_wrapper.dcp}
INFO: [Vivado 12-5825] Read reference checkpoint from C:/Users/S88 Service/Desktop/vivado_nhng/ednacuoiki/ednacuoiki.srcs/utils_1/imports/synth_1/cuoiki_wrapper.dcp for incremental synthesis
INFO: [Vivado 12-7989] Please ensure there are no constraint changes
Command: synth_design -top cuoiki_wrapper -part xc7a35ticsg324-1L
Starting synth_design
Attempting to get a license for feature 'Synthesis' and/or device 'xc7a35ti'
INFO: [Common 17-349] Got license for feature 'Synthesis' and/or device 'xc7a35ti'
INFO: [Device 21-403] Loading part xc7a35ticsg324-1L
INFO: [Designutils 20-5440] No compile time benefit to using incremental synthesis; A full resynthesis will be run
INFO: [Designutils 20-4379] Flow is switching to default flow due to incremental criteria not met. If you would like to alter this behaviour and have the flow terminate instead, please set the following parameter config_implementation {autoIncr.Synth.RejectBehavior Terminate}
INFO: [Synth 8-7079] Multithreading enabled for synth_design using a maximum of 2 processes.
INFO: [Synth 8-7078] Launching helper process for spawning children vivado processes
INFO: [Synth 8-7075] Helper process launched with PID 45248
INFO: [Synth 8-11241] undeclared symbol 'REGCCE', assumed default net type 'wire' [C:/Xilinx/Vivado/2022.2/data/verilog/src/unimacro/BRAM_SINGLE_MACRO.v:2170]
---------------------------------------------------------------------------------
Starting RTL Elaboration : Time (s): cpu = 00:00:14 ; elapsed = 00:00:20 . Memory (MB): peak = 1395.051 ; gain = 408.645
---------------------------------------------------------------------------------
INFO: [Synth 8-638] synthesizing module 'cuoiki_wrapper' [c:/Users/S88 Service/Desktop/vivado_nhng/ednacuoiki/ednacuoiki.gen/sources_1/bd/cuoiki/hdl/cuoiki_wrapper.vhd:26]
INFO: [Synth 8-3491] module 'cuoiki' declared at 'c:/Users/S88 Service/Desktop/vivado_nhng/ednacuoiki/ednacuoiki.gen/sources_1/bd/cuoiki/synth/cuoiki.vhd:1838' bound to instance 'cuoiki_i' of component 'cuoiki' [c:/Users/S88 Service/Desktop/vivado_nhng/ednacuoiki/ednacuoiki.gen/sources_1/bd/cuoiki/hdl/cuoiki_wrapper.vhd:39]
INFO: [Synth 8-638] synthesizing module 'cuoiki' [c:/Users/S88 Service/Desktop/vivado_nhng/ednacuoiki/ednacuoiki.gen/sources_1/bd/cuoiki/synth/cuoiki.vhd:1854]
INFO: [Synth 8-3491] module 'cuoiki_axi_gpio_0_0' declared at 'C:/Users/S88 Service/Desktop/vivado_nhng/ednacuoiki/ednacuoiki.runs/synth_1/.Xil/Vivado-39336-edna/realtime/cuoiki_axi_gpio_0_0_stub.vhdl:5' bound to instance 'axi_gpio_0' of component 'cuoiki_axi_gpio_0_0' [c:/Users/S88 Service/Desktop/vivado_nhng/ednacuoiki/ednacuoiki.gen/sources_1/bd/cuoiki/synth/cuoiki.vhd:2204]
INFO: [Synth 8-638] synthesizing module 'cuoiki_axi_gpio_0_0' [C:/Users/S88 Service/Desktop/vivado_nhng/ednacuoiki/ednacuoiki.runs/synth_1/.Xil/Vivado-39336-edna/realtime/cuoiki_axi_gpio_0_0_stub.vhdl:31]
INFO: [Synth 8-3491] module 'cuoiki_axi_uartlite_0_0' declared at 'C:/Users/S88 Service/Desktop/vivado_nhng/ednacuoiki/ednacuoiki.runs/synth_1/.Xil/Vivado-39336-edna/realtime/cuoiki_axi_uartlite_0_0_stub.vhdl:5' bound to instance 'axi_uartlite_0' of component 'cuoiki_axi_uartlite_0_0' [c:/Users/S88 Service/Desktop/vivado_nhng/ednacuoiki/ednacuoiki.gen/sources_1/bd/cuoiki/synth/cuoiki.vhd:2227]
INFO: [Synth 8-638] synthesizing module 'cuoiki_axi_uartlite_0_0' [C:/Users/S88 Service/Desktop/vivado_nhng/ednacuoiki/ednacuoiki.runs/synth_1/.Xil/Vivado-39336-edna/realtime/cuoiki_axi_uartlite_0_0_stub.vhdl:33]
INFO: [Synth 8-3491] module 'cuoiki_axi_uartlite_1_0' declared at 'C:/Users/S88 Service/Desktop/vivado_nhng/ednacuoiki/ednacuoiki.runs/synth_1/.Xil/Vivado-39336-edna/realtime/cuoiki_axi_uartlite_1_0_stub.vhdl:5' bound to instance 'axi_uartlite_1' of component 'cuoiki_axi_uartlite_1_0' [c:/Users/S88 Service/Desktop/vivado_nhng/ednacuoiki/ednacuoiki.gen/sources_1/bd/cuoiki/synth/cuoiki.vhd:2252]
INFO: [Synth 8-638] synthesizing module 'cuoiki_axi_uartlite_1_0' [C:/Users/S88 Service/Desktop/vivado_nhng/ednacuoiki/ednacuoiki.runs/synth_1/.Xil/Vivado-39336-edna/realtime/cuoiki_axi_uartlite_1_0_stub.vhdl:33]
INFO: [Synth 8-3491] module 'cuoiki_clk_wiz_1_0' declared at 'C:/Users/S88 Service/Desktop/vivado_nhng/ednacuoiki/ednacuoiki.runs/synth_1/.Xil/Vivado-39336-edna/realtime/cuoiki_clk_wiz_1_0_stub.vhdl:5' bound to instance 'clk_wiz_1' of component 'cuoiki_clk_wiz_1_0' [c:/Users/S88 Service/Desktop/vivado_nhng/ednacuoiki/ednacuoiki.gen/sources_1/bd/cuoiki/synth/cuoiki.vhd:2277]
INFO: [Synth 8-638] synthesizing module 'cuoiki_clk_wiz_1_0' [C:/Users/S88 Service/Desktop/vivado_nhng/ednacuoiki/ednacuoiki.runs/synth_1/.Xil/Vivado-39336-edna/realtime/cuoiki_clk_wiz_1_0_stub.vhdl:15]
INFO: [Synth 8-3491] module 'cuoiki_mdm_1_0' declared at 'C:/Users/S88 Service/Desktop/vivado_nhng/ednacuoiki/ednacuoiki.runs/synth_1/.Xil/Vivado-39336-edna/realtime/cuoiki_mdm_1_0_stub.vhdl:5' bound to instance 'mdm_1' of component 'cuoiki_mdm_1_0' [c:/Users/S88 Service/Desktop/vivado_nhng/ednacuoiki/ednacuoiki.gen/sources_1/bd/cuoiki/synth/cuoiki.vhd:2284]
INFO: [Synth 8-638] synthesizing module 'cuoiki_mdm_1_0' [C:/Users/S88 Service/Desktop/vivado_nhng/ednacuoiki/ednacuoiki.runs/synth_1/.Xil/Vivado-39336-edna/realtime/cuoiki_mdm_1_0_stub.vhdl:21]
INFO: [Synth 8-3491] module 'cuoiki_microblaze_0_0' declared at 'C:/Users/S88 Service/Desktop/vivado_nhng/ednacuoiki/ednacuoiki.runs/synth_1/.Xil/Vivado-39336-edna/realtime/cuoiki_microblaze_0_0_stub.vhdl:5' bound to instance 'microblaze_0' of component 'cuoiki_microblaze_0_0' [c:/Users/S88 Service/Desktop/vivado_nhng/ednacuoiki/ednacuoiki.gen/sources_1/bd/cuoiki/synth/cuoiki.vhd:2297]
INFO: [Synth 8-638] synthesizing module 'cuoiki_microblaze_0_0' [C:/Users/S88 Service/Desktop/vivado_nhng/ednacuoiki/ednacuoiki.runs/synth_1/.Xil/Vivado-39336-edna/realtime/cuoiki_microblaze_0_0_stub.vhdl:63]
INFO: [Synth 8-638] synthesizing module 'cuoiki_microblaze_0_axi_periph_0' [c:/Users/S88 Service/Desktop/vivado_nhng/ednacuoiki/ednacuoiki.gen/sources_1/bd/cuoiki/synth/cuoiki.vhd:1203]
INFO: [Synth 8-638] synthesizing module 'm00_couplers_imp_1EWJZ5B' [c:/Users/S88 Service/Desktop/vivado_nhng/ednacuoiki/ednacuoiki.gen/sources_1/bd/cuoiki/synth/cuoiki.vhd:57]
INFO: [Synth 8-256] done synthesizing module 'm00_couplers_imp_1EWJZ5B' (0#1) [c:/Users/S88 Service/Desktop/vivado_nhng/ednacuoiki/ednacuoiki.gen/sources_1/bd/cuoiki/synth/cuoiki.vhd:57]
INFO: [Synth 8-638] synthesizing module 'm01_couplers_imp_6YXB9A' [c:/Users/S88 Service/Desktop/vivado_nhng/ednacuoiki/ednacuoiki.gen/sources_1/bd/cuoiki/synth/cuoiki.vhd:162]
INFO: [Synth 8-256] done synthesizing module 'm01_couplers_imp_6YXB9A' (0#1) [c:/Users/S88 Service/Desktop/vivado_nhng/ednacuoiki/ednacuoiki.gen/sources_1/bd/cuoiki/synth/cuoiki.vhd:162]
INFO: [Synth 8-638] synthesizing module 'm02_couplers_imp_DJTHOS' [c:/Users/S88 Service/Desktop/vivado_nhng/ednacuoiki/ednacuoiki.gen/sources_1/bd/cuoiki/synth/cuoiki.vhd:269]
INFO: [Synth 8-256] done synthesizing module 'm02_couplers_imp_DJTHOS' (0#1) [c:/Users/S88 Service/Desktop/vivado_nhng/ednacuoiki/ednacuoiki.gen/sources_1/bd/cuoiki/synth/cuoiki.vhd:269]
INFO: [Synth 8-638] synthesizing module 'm03_couplers_imp_181NWBH' [c:/Users/S88 Service/Desktop/vivado_nhng/ednacuoiki/ednacuoiki.gen/sources_1/bd/cuoiki/synth/cuoiki.vhd:370]
INFO: [Synth 8-256] done synthesizing module 'm03_couplers_imp_181NWBH' (0#1) [c:/Users/S88 Service/Desktop/vivado_nhng/ednacuoiki/ednacuoiki.gen/sources_1/bd/cuoiki/synth/cuoiki.vhd:370]
INFO: [Synth 8-638] synthesizing module 's00_couplers_imp_ZS8MYM' [c:/Users/S88 Service/Desktop/vivado_nhng/ednacuoiki/ednacuoiki.gen/sources_1/bd/cuoiki/synth/cuoiki.vhd:1033]
INFO: [Synth 8-256] done synthesizing module 's00_couplers_imp_ZS8MYM' (0#1) [c:/Users/S88 Service/Desktop/vivado_nhng/ednacuoiki/ednacuoiki.gen/sources_1/bd/cuoiki/synth/cuoiki.vhd:1033]
INFO: [Synth 8-3491] module 'cuoiki_xbar_0' declared at 'C:/Users/S88 Service/Desktop/vivado_nhng/ednacuoiki/ednacuoiki.runs/synth_1/.Xil/Vivado-39336-edna/realtime/cuoiki_xbar_0_stub.vhdl:5' bound to instance 'xbar' of component 'cuoiki_xbar_0' [c:/Users/S88 Service/Desktop/vivado_nhng/ednacuoiki/ednacuoiki.gen/sources_1/bd/cuoiki/synth/cuoiki.vhd:1735]
INFO: [Synth 8-638] synthesizing module 'cuoiki_xbar_0' [C:/Users/S88 Service/Desktop/vivado_nhng/ednacuoiki/ednacuoiki.runs/synth_1/.Xil/Vivado-39336-edna/realtime/cuoiki_xbar_0_stub.vhdl:51]
INFO: [Synth 8-256] done synthesizing module 'cuoiki_microblaze_0_axi_periph_0' (0#1) [c:/Users/S88 Service/Desktop/vivado_nhng/ednacuoiki/ednacuoiki.gen/sources_1/bd/cuoiki/synth/cuoiki.vhd:1203]
INFO: [Synth 8-638] synthesizing module 'microblaze_0_local_memory_imp_2QFJYL' [c:/Users/S88 Service/Desktop/vivado_nhng/ednacuoiki/ednacuoiki.gen/sources_1/bd/cuoiki/synth/cuoiki.vhd:454]
INFO: [Synth 8-3491] module 'cuoiki_dlmb_bram_if_cntlr_0' declared at 'C:/Users/S88 Service/Desktop/vivado_nhng/ednacuoiki/ednacuoiki.runs/synth_1/.Xil/Vivado-39336-edna/realtime/cuoiki_dlmb_bram_if_cntlr_0_stub.vhdl:5' bound to instance 'dlmb_bram_if_cntlr' of component 'cuoiki_dlmb_bram_if_cntlr_0' [c:/Users/S88 Service/Desktop/vivado_nhng/ednacuoiki/ednacuoiki.gen/sources_1/bd/cuoiki/synth/cuoiki.vhd:668]
INFO: [Synth 8-638] synthesizing module 'cuoiki_dlmb_bram_if_cntlr_0' [C:/Users/S88 Service/Desktop/vivado_nhng/ednacuoiki/ednacuoiki.runs/synth_1/.Xil/Vivado-39336-edna/realtime/cuoiki_dlmb_bram_if_cntlr_0_stub.vhdl:31]
INFO: [Synth 8-3491] module 'cuoiki_dlmb_v10_0' declared at 'C:/Users/S88 Service/Desktop/vivado_nhng/ednacuoiki/ednacuoiki.runs/synth_1/.Xil/Vivado-39336-edna/realtime/cuoiki_dlmb_v10_0_stub.vhdl:5' bound to instance 'dlmb_v10' of component 'cuoiki_dlmb_v10_0' [c:/Users/S88 Service/Desktop/vivado_nhng/ednacuoiki/ednacuoiki.gen/sources_1/bd/cuoiki/synth/cuoiki.vhd:722]
INFO: [Synth 8-638] synthesizing module 'cuoiki_dlmb_v10_0' [C:/Users/S88 Service/Desktop/vivado_nhng/ednacuoiki/ednacuoiki.runs/synth_1/.Xil/Vivado-39336-edna/realtime/cuoiki_dlmb_v10_0_stub.vhdl:36]
INFO: [Synth 8-3491] module 'cuoiki_ilmb_bram_if_cntlr_0' declared at 'C:/Users/S88 Service/Desktop/vivado_nhng/ednacuoiki/ednacuoiki.runs/synth_1/.Xil/Vivado-39336-edna/realtime/cuoiki_ilmb_bram_if_cntlr_0_stub.vhdl:5' bound to instance 'ilmb_bram_if_cntlr' of component 'cuoiki_ilmb_bram_if_cntlr_0' [c:/Users/S88 Service/Desktop/vivado_nhng/ednacuoiki/ednacuoiki.gen/sources_1/bd/cuoiki/synth/cuoiki.vhd:750]
INFO: [Synth 8-638] synthesizing module 'cuoiki_ilmb_bram_if_cntlr_0' [C:/Users/S88 Service/Desktop/vivado_nhng/ednacuoiki/ednacuoiki.runs/synth_1/.Xil/Vivado-39336-edna/realtime/cuoiki_ilmb_bram_if_cntlr_0_stub.vhdl:31]
INFO: [Synth 8-3491] module 'cuoiki_ilmb_v10_0' declared at 'C:/Users/S88 Service/Desktop/vivado_nhng/ednacuoiki/ednacuoiki.runs/synth_1/.Xil/Vivado-39336-edna/realtime/cuoiki_ilmb_v10_0_stub.vhdl:5' bound to instance 'ilmb_v10' of component 'cuoiki_ilmb_v10_0' [c:/Users/S88 Service/Desktop/vivado_nhng/ednacuoiki/ednacuoiki.gen/sources_1/bd/cuoiki/synth/cuoiki.vhd:804]
INFO: [Synth 8-638] synthesizing module 'cuoiki_ilmb_v10_0' [C:/Users/S88 Service/Desktop/vivado_nhng/ednacuoiki/ednacuoiki.runs/synth_1/.Xil/Vivado-39336-edna/realtime/cuoiki_ilmb_v10_0_stub.vhdl:36]
INFO: [Synth 8-3491] module 'cuoiki_lmb_bram_0' declared at 'C:/Users/S88 Service/Desktop/vivado_nhng/ednacuoiki/ednacuoiki.runs/synth_1/.Xil/Vivado-39336-edna/realtime/cuoiki_lmb_bram_0_stub.vhdl:5' bound to instance 'lmb_bram' of component 'cuoiki_lmb_bram_0' [c:/Users/S88 Service/Desktop/vivado_nhng/ednacuoiki/ednacuoiki.gen/sources_1/bd/cuoiki/synth/cuoiki.vhd:832]
INFO: [Synth 8-638] synthesizing module 'cuoiki_lmb_bram_0' [C:/Users/S88 Service/Desktop/vivado_nhng/ednacuoiki/ednacuoiki.runs/synth_1/.Xil/Vivado-39336-edna/realtime/cuoiki_lmb_bram_0_stub.vhdl:27]
INFO: [Synth 8-256] done synthesizing module 'microblaze_0_local_memory_imp_2QFJYL' (0#1) [c:/Users/S88 Service/Desktop/vivado_nhng/ednacuoiki/ednacuoiki.gen/sources_1/bd/cuoiki/synth/cuoiki.vhd:454]
INFO: [Synth 8-3491] module 'cuoiki_present_ctr_0_4' declared at 'C:/Users/S88 Service/Desktop/vivado_nhng/ednacuoiki/ednacuoiki.runs/synth_1/.Xil/Vivado-39336-edna/realtime/cuoiki_present_ctr_0_4_stub.vhdl:5' bound to instance 'present_ctr_0' of component 'cuoiki_present_ctr_0_4' [c:/Users/S88 Service/Desktop/vivado_nhng/ednacuoiki/ednacuoiki.gen/sources_1/bd/cuoiki/synth/cuoiki.vhd:2480]
INFO: [Synth 8-638] synthesizing module 'cuoiki_present_ctr_0_4' [C:/Users/S88 Service/Desktop/vivado_nhng/ednacuoiki/ednacuoiki.runs/synth_1/.Xil/Vivado-39336-edna/realtime/cuoiki_present_ctr_0_4_stub.vhdl:32]
INFO: [Synth 8-3491] module 'cuoiki_rst_clk_wiz_1_100M_0' declared at 'C:/Users/S88 Service/Desktop/vivado_nhng/ednacuoiki/ednacuoiki.runs/synth_1/.Xil/Vivado-39336-edna/realtime/cuoiki_rst_clk_wiz_1_100M_0_stub.vhdl:5' bound to instance 'rst_clk_wiz_1_100M' of component 'cuoiki_rst_clk_wiz_1_100M_0' [c:/Users/S88 Service/Desktop/vivado_nhng/ednacuoiki/ednacuoiki.gen/sources_1/bd/cuoiki/synth/cuoiki.vhd:2504]
INFO: [Synth 8-638] synthesizing module 'cuoiki_rst_clk_wiz_1_100M_0' [C:/Users/S88 Service/Desktop/vivado_nhng/ednacuoiki/ednacuoiki.runs/synth_1/.Xil/Vivado-39336-edna/realtime/cuoiki_rst_clk_wiz_1_100M_0_stub.vhdl:21]
INFO: [Synth 8-256] done synthesizing module 'cuoiki' (0#1) [c:/Users/S88 Service/Desktop/vivado_nhng/ednacuoiki/ednacuoiki.gen/sources_1/bd/cuoiki/synth/cuoiki.vhd:1854]
INFO: [Synth 8-256] done synthesizing module 'cuoiki_wrapper' (0#1) [c:/Users/S88 Service/Desktop/vivado_nhng/ednacuoiki/ednacuoiki.gen/sources_1/bd/cuoiki/hdl/cuoiki_wrapper.vhd:26]
WARNING: [Synth 8-7129] Port M_ACLK in module s00_couplers_imp_ZS8MYM is either unconnected or has no load
WARNING: [Synth 8-7129] Port M_ARESETN in module s00_couplers_imp_ZS8MYM is either unconnected or has no load
WARNING: [Synth 8-7129] Port S_ACLK in module s00_couplers_imp_ZS8MYM is either unconnected or has no load
WARNING: [Synth 8-7129] Port S_ARESETN in module s00_couplers_imp_ZS8MYM is either unconnected or has no load
WARNING: [Synth 8-7129] Port M_ACLK in module m03_couplers_imp_181NWBH is either unconnected or has no load
WARNING: [Synth 8-7129] Port M_ARESETN in module m03_couplers_imp_181NWBH is either unconnected or has no load
WARNING: [Synth 8-7129] Port S_ACLK in module m03_couplers_imp_181NWBH is either unconnected or has no load
WARNING: [Synth 8-7129] Port S_ARESETN in module m03_couplers_imp_181NWBH is either unconnected or has no load
WARNING: [Synth 8-7129] Port M_ACLK in module m02_couplers_imp_DJTHOS is either unconnected or has no load
WARNING: [Synth 8-7129] Port M_ARESETN in module m02_couplers_imp_DJTHOS is either unconnected or has no load
WARNING: [Synth 8-7129] Port S_ACLK in module m02_couplers_imp_DJTHOS is either unconnected or has no load
WARNING: [Synth 8-7129] Port S_ARESETN in module m02_couplers_imp_DJTHOS is either unconnected or has no load
WARNING: [Synth 8-7129] Port M_ACLK in module m01_couplers_imp_6YXB9A is either unconnected or has no load
WARNING: [Synth 8-7129] Port M_ARESETN in module m01_couplers_imp_6YXB9A is either unconnected or has no load
WARNING: [Synth 8-7129] Port S_ACLK in module m01_couplers_imp_6YXB9A is either unconnected or has no load
WARNING: [Synth 8-7129] Port S_ARESETN in module m01_couplers_imp_6YXB9A is either unconnected or has no load
WARNING: [Synth 8-7129] Port M_ACLK in module m00_couplers_imp_1EWJZ5B is either unconnected or has no load
WARNING: [Synth 8-7129] Port M_ARESETN in module m00_couplers_imp_1EWJZ5B is either unconnected or has no load
WARNING: [Synth 8-7129] Port S_ACLK in module m00_couplers_imp_1EWJZ5B is either unconnected or has no load
WARNING: [Synth 8-7129] Port S_ARESETN in module m00_couplers_imp_1EWJZ5B is either unconnected or has no load
WARNING: [Synth 8-7129] Port M00_ACLK in module cuoiki_microblaze_0_axi_periph_0 is either unconnected or has no load
WARNING: [Synth 8-7129] Port M00_ARESETN in module cuoiki_microblaze_0_axi_periph_0 is either unconnected or has no load
WARNING: [Synth 8-7129] Port M01_ACLK in module cuoiki_microblaze_0_axi_periph_0 is either unconnected or has no load
WARNING: [Synth 8-7129] Port M01_ARESETN in module cuoiki_microblaze_0_axi_periph_0 is either unconnected or has no load
WARNING: [Synth 8-7129] Port M02_ACLK in module cuoiki_microblaze_0_axi_periph_0 is either unconnected or has no load
WARNING: [Synth 8-7129] Port M02_ARESETN in module cuoiki_microblaze_0_axi_periph_0 is either unconnected or has no load
WARNING: [Synth 8-7129] Port M03_ACLK in module cuoiki_microblaze_0_axi_periph_0 is either unconnected or has no load
WARNING: [Synth 8-7129] Port M03_ARESETN in module cuoiki_microblaze_0_axi_periph_0 is either unconnected or has no load
WARNING: [Synth 8-7129] Port S00_ACLK in module cuoiki_microblaze_0_axi_periph_0 is either unconnected or has no load
WARNING: [Synth 8-7129] Port S00_ARESETN in module cuoiki_microblaze_0_axi_periph_0 is either unconnected or has no load
---------------------------------------------------------------------------------
Finished RTL Elaboration : Time (s): cpu = 00:00:20 ; elapsed = 00:00:26 . Memory (MB): peak = 1495.438 ; gain = 509.031
---------------------------------------------------------------------------------
---------------------------------------------------------------------------------
Start Handling Custom Attributes
---------------------------------------------------------------------------------
---------------------------------------------------------------------------------
Finished Handling Custom Attributes : Time (s): cpu = 00:00:20 ; elapsed = 00:00:27 . Memory (MB): peak = 1495.438 ; gain = 509.031
---------------------------------------------------------------------------------
---------------------------------------------------------------------------------
Finished RTL Optimization Phase 1 : Time (s): cpu = 00:00:20 ; elapsed = 00:00:27 . Memory (MB): peak = 1495.438 ; gain = 509.031
---------------------------------------------------------------------------------
Netlist sorting complete. Time (s): cpu = 00:00:00 ; elapsed = 00:00:00.066 . Memory (MB): peak = 1495.438 ; gain = 0.000
INFO: [Project 1-570] Preparing netlist for logic optimization

Processing XDC Constraints
Initializing timing engine
Parsing XDC File [c:/Users/S88 Service/Desktop/vivado_nhng/ednacuoiki/ednacuoiki.gen/sources_1/bd/cuoiki/ip/cuoiki_microblaze_0_0/cuoiki_microblaze_0_0/cuoiki_microblaze_0_0_in_context.xdc] for cell 'cuoiki_i/microblaze_0'
Finished Parsing XDC File [c:/Users/S88 Service/Desktop/vivado_nhng/ednacuoiki/ednacuoiki.gen/sources_1/bd/cuoiki/ip/cuoiki_microblaze_0_0/cuoiki_microblaze_0_0/cuoiki_microblaze_0_0_in_context.xdc] for cell 'cuoiki_i/microblaze_0'
Parsing XDC File [c:/Users/S88 Service/Desktop/vivado_nhng/ednacuoiki/ednacuoiki.gen/sources_1/bd/cuoiki/ip/cuoiki_dlmb_v10_0/cuoiki_dlmb_v10_0/cuoiki_ilmb_v10_0_in_context.xdc] for cell 'cuoiki_i/microblaze_0_local_memory/dlmb_v10'
Finished Parsing XDC File [c:/Users/S88 Service/Desktop/vivado_nhng/ednacuoiki/ednacuoiki.gen/sources_1/bd/cuoiki/ip/cuoiki_dlmb_v10_0/cuoiki_dlmb_v10_0/cuoiki_ilmb_v10_0_in_context.xdc] for cell 'cuoiki_i/microblaze_0_local_memory/dlmb_v10'
Parsing XDC File [c:/Users/S88 Service/Desktop/vivado_nhng/ednacuoiki/ednacuoiki.gen/sources_1/bd/cuoiki/ip/cuoiki_ilmb_v10_0/cuoiki_ilmb_v10_0/cuoiki_ilmb_v10_0_in_context.xdc] for cell 'cuoiki_i/microblaze_0_local_memory/ilmb_v10'
Finished Parsing XDC File [c:/Users/S88 Service/Desktop/vivado_nhng/ednacuoiki/ednacuoiki.gen/sources_1/bd/cuoiki/ip/cuoiki_ilmb_v10_0/cuoiki_ilmb_v10_0/cuoiki_ilmb_v10_0_in_context.xdc] for cell 'cuoiki_i/microblaze_0_local_memory/ilmb_v10'
Parsing XDC File [c:/Users/S88 Service/Desktop/vivado_nhng/ednacuoiki/ednacuoiki.gen/sources_1/bd/cuoiki/ip/cuoiki_dlmb_bram_if_cntlr_0/cuoiki_dlmb_bram_if_cntlr_0/cuoiki_dlmb_bram_if_cntlr_0_in_context.xdc] for cell 'cuoiki_i/microblaze_0_local_memory/dlmb_bram_if_cntlr'
Finished Parsing XDC File [c:/Users/S88 Service/Desktop/vivado_nhng/ednacuoiki/ednacuoiki.gen/sources_1/bd/cuoiki/ip/cuoiki_dlmb_bram_if_cntlr_0/cuoiki_dlmb_bram_if_cntlr_0/cuoiki_dlmb_bram_if_cntlr_0_in_context.xdc] for cell 'cuoiki_i/microblaze_0_local_memory/dlmb_bram_if_cntlr'
Parsing XDC File [c:/Users/S88 Service/Desktop/vivado_nhng/ednacuoiki/ednacuoiki.gen/sources_1/bd/cuoiki/ip/cuoiki_ilmb_bram_if_cntlr_0/cuoiki_ilmb_bram_if_cntlr_0/cuoiki_ilmb_bram_if_cntlr_0_in_context.xdc] for cell 'cuoiki_i/microblaze_0_local_memory/ilmb_bram_if_cntlr'
Finished Parsing XDC File [c:/Users/S88 Service/Desktop/vivado_nhng/ednacuoiki/ednacuoiki.gen/sources_1/bd/cuoiki/ip/cuoiki_ilmb_bram_if_cntlr_0/cuoiki_ilmb_bram_if_cntlr_0/cuoiki_ilmb_bram_if_cntlr_0_in_context.xdc] for cell 'cuoiki_i/microblaze_0_local_memory/ilmb_bram_if_cntlr'
Parsing XDC File [c:/Users/S88 Service/Desktop/vivado_nhng/ednacuoiki/ednacuoiki.gen/sources_1/bd/cuoiki/ip/cuoiki_lmb_bram_0/cuoiki_lmb_bram_0/cuoiki_lmb_bram_0_in_context.xdc] for cell 'cuoiki_i/microblaze_0_local_memory/lmb_bram'
Finished Parsing XDC File [c:/Users/S88 Service/Desktop/vivado_nhng/ednacuoiki/ednacuoiki.gen/sources_1/bd/cuoiki/ip/cuoiki_lmb_bram_0/cuoiki_lmb_bram_0/cuoiki_lmb_bram_0_in_context.xdc] for cell 'cuoiki_i/microblaze_0_local_memory/lmb_bram'
Parsing XDC File [c:/Users/S88 Service/Desktop/vivado_nhng/ednacuoiki/ednacuoiki.gen/sources_1/bd/cuoiki/ip/cuoiki_mdm_1_0/cuoiki_mdm_1_0/cuoiki_mdm_1_0_in_context.xdc] for cell 'cuoiki_i/mdm_1'
Finished Parsing XDC File [c:/Users/S88 Service/Desktop/vivado_nhng/ednacuoiki/ednacuoiki.gen/sources_1/bd/cuoiki/ip/cuoiki_mdm_1_0/cuoiki_mdm_1_0/cuoiki_mdm_1_0_in_context.xdc] for cell 'cuoiki_i/mdm_1'
Parsing XDC File [c:/Users/S88 Service/Desktop/vivado_nhng/ednacuoiki/ednacuoiki.gen/sources_1/bd/cuoiki/ip/cuoiki_clk_wiz_1_0/cuoiki_clk_wiz_1_0/cuoiki_clk_wiz_1_0_in_context.xdc] for cell 'cuoiki_i/clk_wiz_1'
Finished Parsing XDC File [c:/Users/S88 Service/Desktop/vivado_nhng/ednacuoiki/ednacuoiki.gen/sources_1/bd/cuoiki/ip/cuoiki_clk_wiz_1_0/cuoiki_clk_wiz_1_0/cuoiki_clk_wiz_1_0_in_context.xdc] for cell 'cuoiki_i/clk_wiz_1'
Parsing XDC File [c:/Users/S88 Service/Desktop/vivado_nhng/ednacuoiki/ednacuoiki.gen/sources_1/bd/cuoiki/ip/cuoiki_rst_clk_wiz_1_100M_0/cuoiki_rst_clk_wiz_1_100M_0/cuoiki_rst_clk_wiz_1_100M_0_in_context.xdc] for cell 'cuoiki_i/rst_clk_wiz_1_100M'
Finished Parsing XDC File [c:/Users/S88 Service/Desktop/vivado_nhng/ednacuoiki/ednacuoiki.gen/sources_1/bd/cuoiki/ip/cuoiki_rst_clk_wiz_1_100M_0/cuoiki_rst_clk_wiz_1_100M_0/cuoiki_rst_clk_wiz_1_100M_0_in_context.xdc] for cell 'cuoiki_i/rst_clk_wiz_1_100M'
Parsing XDC File [c:/Users/S88 Service/Desktop/vivado_nhng/ednacuoiki/ednacuoiki.gen/sources_1/bd/cuoiki/ip/cuoiki_axi_uartlite_0_0/cuoiki_axi_uartlite_0_0/cuoiki_axi_uartlite_0_0_in_context.xdc] for cell 'cuoiki_i/axi_uartlite_0'
Finished Parsing XDC File [c:/Users/S88 Service/Desktop/vivado_nhng/ednacuoiki/ednacuoiki.gen/sources_1/bd/cuoiki/ip/cuoiki_axi_uartlite_0_0/cuoiki_axi_uartlite_0_0/cuoiki_axi_uartlite_0_0_in_context.xdc] for cell 'cuoiki_i/axi_uartlite_0'
Parsing XDC File [c:/Users/S88 Service/Desktop/vivado_nhng/ednacuoiki/ednacuoiki.gen/sources_1/bd/cuoiki/ip/cuoiki_xbar_0/cuoiki_xbar_0/cuoiki_xbar_0_in_context.xdc] for cell 'cuoiki_i/microblaze_0_axi_periph/xbar'
Finished Parsing XDC File [c:/Users/S88 Service/Desktop/vivado_nhng/ednacuoiki/ednacuoiki.gen/sources_1/bd/cuoiki/ip/cuoiki_xbar_0/cuoiki_xbar_0/cuoiki_xbar_0_in_context.xdc] for cell 'cuoiki_i/microblaze_0_axi_periph/xbar'
Parsing XDC File [c:/Users/S88 Service/Desktop/vivado_nhng/ednacuoiki/ednacuoiki.gen/sources_1/bd/cuoiki/ip/cuoiki_axi_gpio_0_0/cuoiki_axi_gpio_0_0/cuoiki_axi_gpio_0_0_in_context.xdc] for cell 'cuoiki_i/axi_gpio_0'
Finished Parsing XDC File [c:/Users/S88 Service/Desktop/vivado_nhng/ednacuoiki/ednacuoiki.gen/sources_1/bd/cuoiki/ip/cuoiki_axi_gpio_0_0/cuoiki_axi_gpio_0_0/cuoiki_axi_gpio_0_0_in_context.xdc] for cell 'cuoiki_i/axi_gpio_0'
Parsing XDC File [c:/Users/S88 Service/Desktop/vivado_nhng/ednacuoiki/ednacuoiki.gen/sources_1/bd/cuoiki/ip/cuoiki_present_ctr_0_4/cuoiki_present_ctr_0_4/cuoiki_present_ctr_0_4_in_context.xdc] for cell 'cuoiki_i/present_ctr_0'
Finished Parsing XDC File [c:/Users/S88 Service/Desktop/vivado_nhng/ednacuoiki/ednacuoiki.gen/sources_1/bd/cuoiki/ip/cuoiki_present_ctr_0_4/cuoiki_present_ctr_0_4/cuoiki_present_ctr_0_4_in_context.xdc] for cell 'cuoiki_i/present_ctr_0'
Parsing XDC File [c:/Users/S88 Service/Desktop/vivado_nhng/ednacuoiki/ednacuoiki.gen/sources_1/bd/cuoiki/ip/cuoiki_axi_uartlite_1_0/cuoiki_axi_uartlite_1_0/cuoiki_axi_uartlite_1_0_in_context.xdc] for cell 'cuoiki_i/axi_uartlite_1'
Finished Parsing XDC File [c:/Users/S88 Service/Desktop/vivado_nhng/ednacuoiki/ednacuoiki.gen/sources_1/bd/cuoiki/ip/cuoiki_axi_uartlite_1_0/cuoiki_axi_uartlite_1_0/cuoiki_axi_uartlite_1_0_in_context.xdc] for cell 'cuoiki_i/axi_uartlite_1'
Parsing XDC File [C:/Users/S88 Service/Desktop/vivado_nhng/ednacuoiki/ednacuoiki.srcs/constrs_1/new/cuoiki.xdc]
WARNING: [Vivado 12-584] No ports matched 'GPIO_0_tri_io[0]'. [C:/Users/S88 Service/Desktop/vivado_nhng/ednacuoiki/ednacuoiki.srcs/constrs_1/new/cuoiki.xdc:1]
WARNING: [Vivado 12-584] No ports matched 'GPIO_0_tri_io[0]'. [C:/Users/S88 Service/Desktop/vivado_nhng/ednacuoiki/ednacuoiki.srcs/constrs_1/new/cuoiki.xdc:2]
Finished Parsing XDC File [C:/Users/S88 Service/Desktop/vivado_nhng/ednacuoiki/ednacuoiki.srcs/constrs_1/new/cuoiki.xdc]
WARNING: [Project 1-498] One or more constraints failed evaluation while reading constraint file [C:/Users/S88 Service/Desktop/vivado_nhng/ednacuoiki/ednacuoiki.srcs/constrs_1/new/cuoiki.xdc] and the design contains unresolved black boxes. These constraints will be read post-synthesis (as long as their source constraint file is marked as used_in_implementation) and should be applied correctly then. You should review the constraints listed in the file [.Xil/cuoiki_wrapper_propImpl.xdc] and check the run log file to verify that these constraints were correctly applied.
INFO: [Project 1-236] Implementation specific constraints were found while reading constraint file [C:/Users/S88 Service/Desktop/vivado_nhng/ednacuoiki/ednacuoiki.srcs/constrs_1/new/cuoiki.xdc]. These constraints will be ignored for synthesis but will be used in implementation. Impacted constraints are listed in the file [.Xil/cuoiki_wrapper_propImpl.xdc].
Resolution: To avoid this warning, move constraints listed in [.Xil/cuoiki_wrapper_propImpl.xdc] to another XDC file and exclude this new file from synthesis with the used_in_synthesis property (File Properties dialog in GUI) and re-run elaboration/synthesis.
Parsing XDC File [C:/Users/S88 Service/Desktop/vivado_nhng/ednacuoiki/ednacuoiki.runs/synth_1/dont_touch.xdc]
Finished Parsing XDC File [C:/Users/S88 Service/Desktop/vivado_nhng/ednacuoiki/ednacuoiki.runs/synth_1/dont_touch.xdc]
Completed Processing XDC Constraints

Netlist sorting complete. Time (s): cpu = 00:00:00 ; elapsed = 00:00:00 . Memory (MB): peak = 1519.828 ; gain = 0.000
INFO: [Project 1-111] Unisim Transformation Summary:
No Unisim elements were transformed.

Constraint Validation Runtime : Time (s): cpu = 00:00:00 ; elapsed = 00:00:00.033 . Memory (MB): peak = 1519.828 ; gain = 0.000
WARNING: [Timing 38-316] Clock period '20.000' specified during out-of-context synthesis of instance 'cuoiki_i/microblaze_0_local_memory/lmb_bram' at clock pin 'clka' is different from the actual clock period '10.000', this can lead to different synthesis results.
INFO: [Designutils 20-5440] No compile time benefit to using incremental synthesis; A full resynthesis will be run
INFO: [Designutils 20-4379] Flow is switching to default flow due to incremental criteria not met. If you would like to alter this behaviour and have the flow terminate instead, please set the following parameter config_implementation {autoIncr.Synth.RejectBehavior Terminate}
INFO: [Synth 8-11241] undeclared symbol 'REGCCE', assumed default net type 'wire' [C:/Xilinx/Vivado/2022.2/data/verilog/src/unimacro/BRAM_SINGLE_MACRO.v:2170]
---------------------------------------------------------------------------------
Finished Constraint Validation : Time (s): cpu = 00:00:41 ; elapsed = 00:00:51 . Memory (MB): peak = 1519.832 ; gain = 533.426
---------------------------------------------------------------------------------
---------------------------------------------------------------------------------
Start Loading Part and Timing Information
---------------------------------------------------------------------------------
Loading part: xc7a35ticsg324-1L
---------------------------------------------------------------------------------
Finished Loading Part and Timing Information : Time (s): cpu = 00:00:41 ; elapsed = 00:00:51 . Memory (MB): peak = 1519.832 ; gain = 533.426
---------------------------------------------------------------------------------
---------------------------------------------------------------------------------
Start Applying 'set_property' XDC Constraints
---------------------------------------------------------------------------------
Applied set_property IO_BUFFER_TYPE = NONE for sys_clock. (constraint file  {c:/Users/S88 Service/Desktop/vivado_nhng/ednacuoiki/ednacuoiki.gen/sources_1/bd/cuoiki/ip/cuoiki_clk_wiz_1_0/cuoiki_clk_wiz_1_0/cuoiki_clk_wiz_1_0_in_context.xdc}, line 3).
Applied set_property CLOCK_BUFFER_TYPE = NONE for sys_clock. (constraint file  {c:/Users/S88 Service/Desktop/vivado_nhng/ednacuoiki/ednacuoiki.gen/sources_1/bd/cuoiki/ip/cuoiki_clk_wiz_1_0/cuoiki_clk_wiz_1_0/cuoiki_clk_wiz_1_0_in_context.xdc}, line 4).
Applied set_property KEEP_HIERARCHY = SOFT for cuoiki_i. (constraint file  auto generated constraint).
Applied set_property KEEP_HIERARCHY = SOFT for cuoiki_i/microblaze_0. (constraint file  auto generated constraint).
Applied set_property KEEP_HIERARCHY = SOFT for cuoiki_i/microblaze_0_local_memory/dlmb_v10. (constraint file  auto generated constraint).
Applied set_property KEEP_HIERARCHY = SOFT for cuoiki_i/microblaze_0_local_memory/ilmb_v10. (constraint file  auto generated constraint).
Applied set_property KEEP_HIERARCHY = SOFT for cuoiki_i/microblaze_0_local_memory/dlmb_bram_if_cntlr. (constraint file  auto generated constraint).
Applied set_property KEEP_HIERARCHY = SOFT for cuoiki_i/microblaze_0_local_memory/ilmb_bram_if_cntlr. (constraint file  auto generated constraint).
Applied set_property KEEP_HIERARCHY = SOFT for cuoiki_i/microblaze_0_local_memory/lmb_bram. (constraint file  auto generated constraint).
Applied set_property KEEP_HIERARCHY = SOFT for cuoiki_i/mdm_1. (constraint file  auto generated constraint).
Applied set_property KEEP_HIERARCHY = SOFT for cuoiki_i/clk_wiz_1. (constraint file  auto generated constraint).
Applied set_property KEEP_HIERARCHY = SOFT for cuoiki_i/rst_clk_wiz_1_100M. (constraint file  auto generated constraint).
Applied set_property KEEP_HIERARCHY = SOFT for cuoiki_i/axi_uartlite_0. (constraint file  auto generated constraint).
Applied set_property KEEP_HIERARCHY = SOFT for cuoiki_i/microblaze_0_axi_periph/xbar. (constraint file  auto generated constraint).
Applied set_property KEEP_HIERARCHY = SOFT for cuoiki_i/microblaze_0_axi_periph. (constraint file  auto generated constraint).
Applied set_property KEEP_HIERARCHY = SOFT for cuoiki_i/axi_gpio_0. (constraint file  auto generated constraint).
Applied set_property KEEP_HIERARCHY = SOFT for cuoiki_i/present_ctr_0. (constraint file  auto generated constraint).
Applied set_property KEEP_HIERARCHY = SOFT for cuoiki_i/axi_uartlite_1. (constraint file  auto generated constraint).
---------------------------------------------------------------------------------
Finished applying 'set_property' XDC Constraints : Time (s): cpu = 00:00:41 ; elapsed = 00:00:51 . Memory (MB): peak = 1519.832 ; gain = 533.426
---------------------------------------------------------------------------------
---------------------------------------------------------------------------------
Finished RTL Optimization Phase 2 : Time (s): cpu = 00:00:41 ; elapsed = 00:00:51 . Memory (MB): peak = 1519.832 ; gain = 533.426
---------------------------------------------------------------------------------
---------------------------------------------------------------------------------
Start RTL Component Statistics 
---------------------------------------------------------------------------------
Detailed RTL Component Info : 
---------------------------------------------------------------------------------
Finished RTL Component Statistics 
---------------------------------------------------------------------------------
---------------------------------------------------------------------------------
Start Part Resource Summary
---------------------------------------------------------------------------------
Part Resources:
DSPs: 90 (col length:60)
BRAMs: 100 (col length: RAMB18 60 RAMB36 30)
---------------------------------------------------------------------------------
Finished Part Resource Summary
---------------------------------------------------------------------------------
---------------------------------------------------------------------------------
Start Cross Boundary and Area Optimization
---------------------------------------------------------------------------------
WARNING: [Synth 8-7080] Parallel synthesis criteria is not met
WARNING: [Synth 8-7129] Port M00_ACLK in module cuoiki_microblaze_0_axi_periph_0 is either unconnected or has no load
WARNING: [Synth 8-7129] Port M00_ARESETN in module cuoiki_microblaze_0_axi_periph_0 is either unconnected or has no load
WARNING: [Synth 8-7129] Port M01_ACLK in module cuoiki_microblaze_0_axi_periph_0 is either unconnected or has no load
WARNING: [Synth 8-7129] Port M01_ARESETN in module cuoiki_microblaze_0_axi_periph_0 is either unconnected or has no load
WARNING: [Synth 8-7129] Port M02_ACLK in module cuoiki_microblaze_0_axi_periph_0 is either unconnected or has no load
WARNING: [Synth 8-7129] Port M02_ARESETN in module cuoiki_microblaze_0_axi_periph_0 is either unconnected or has no load
WARNING: [Synth 8-7129] Port M03_ACLK in module cuoiki_microblaze_0_axi_periph_0 is either unconnected or has no load
WARNING: [Synth 8-7129] Port M03_ARESETN in module cuoiki_microblaze_0_axi_periph_0 is either unconnected or has no load
WARNING: [Synth 8-7129] Port S00_ACLK in module cuoiki_microblaze_0_axi_periph_0 is either unconnected or has no load
WARNING: [Synth 8-7129] Port S00_ARESETN in module cuoiki_microblaze_0_axi_periph_0 is either unconnected or has no load
---------------------------------------------------------------------------------
Finished Cross Boundary and Area Optimization : Time (s): cpu = 00:00:47 ; elapsed = 00:00:58 . Memory (MB): peak = 1519.832 ; gain = 533.426
---------------------------------------------------------------------------------
---------------------------------------------------------------------------------
Start Applying XDC Timing Constraints
---------------------------------------------------------------------------------
---------------------------------------------------------------------------------
Finished Applying XDC Timing Constraints : Time (s): cpu = 00:01:02 ; elapsed = 00:01:14 . Memory (MB): peak = 1519.832 ; gain = 533.426
---------------------------------------------------------------------------------
---------------------------------------------------------------------------------
Start Timing Optimization
---------------------------------------------------------------------------------
---------------------------------------------------------------------------------
Finished Timing Optimization : Time (s): cpu = 00:01:02 ; elapsed = 00:01:14 . Memory (MB): peak = 1519.832 ; gain = 533.426
---------------------------------------------------------------------------------
---------------------------------------------------------------------------------
Start Technology Mapping
---------------------------------------------------------------------------------
---------------------------------------------------------------------------------
Finished Technology Mapping : Time (s): cpu = 00:01:02 ; elapsed = 00:01:14 . Memory (MB): peak = 1519.832 ; gain = 533.426
---------------------------------------------------------------------------------
---------------------------------------------------------------------------------
Start IO Insertion
---------------------------------------------------------------------------------
---------------------------------------------------------------------------------
Start Flattening Before IO Insertion
---------------------------------------------------------------------------------
---------------------------------------------------------------------------------
Finished Flattening Before IO Insertion
---------------------------------------------------------------------------------
---------------------------------------------------------------------------------
Start Final Netlist Cleanup
---------------------------------------------------------------------------------
---------------------------------------------------------------------------------
Finished Final Netlist Cleanup
---------------------------------------------------------------------------------
---------------------------------------------------------------------------------
Finished IO Insertion : Time (s): cpu = 00:01:16 ; elapsed = 00:01:28 . Memory (MB): peak = 1519.832 ; gain = 533.426
---------------------------------------------------------------------------------
---------------------------------------------------------------------------------
Start Renaming Generated Instances
---------------------------------------------------------------------------------
---------------------------------------------------------------------------------
Finished Renaming Generated Instances : Time (s): cpu = 00:01:16 ; elapsed = 00:01:28 . Memory (MB): peak = 1519.832 ; gain = 533.426
---------------------------------------------------------------------------------
---------------------------------------------------------------------------------
Start Rebuilding User Hierarchy
---------------------------------------------------------------------------------
---------------------------------------------------------------------------------
Finished Rebuilding User Hierarchy : Time (s): cpu = 00:01:16 ; elapsed = 00:01:28 . Memory (MB): peak = 1519.832 ; gain = 533.426
---------------------------------------------------------------------------------
---------------------------------------------------------------------------------
Start Renaming Generated Ports
---------------------------------------------------------------------------------
---------------------------------------------------------------------------------
Finished Renaming Generated Ports : Time (s): cpu = 00:01:16 ; elapsed = 00:01:28 . Memory (MB): peak = 1519.832 ; gain = 533.426
---------------------------------------------------------------------------------
---------------------------------------------------------------------------------
Start Handling Custom Attributes
---------------------------------------------------------------------------------
---------------------------------------------------------------------------------
Finished Handling Custom Attributes : Time (s): cpu = 00:01:16 ; elapsed = 00:01:28 . Memory (MB): peak = 1519.832 ; gain = 533.426
---------------------------------------------------------------------------------
---------------------------------------------------------------------------------
Start Renaming Generated Nets
---------------------------------------------------------------------------------
---------------------------------------------------------------------------------
Finished Renaming Generated Nets : Time (s): cpu = 00:01:16 ; elapsed = 00:01:28 . Memory (MB): peak = 1519.832 ; gain = 533.426
---------------------------------------------------------------------------------
---------------------------------------------------------------------------------
Start Writing Synthesis Report
---------------------------------------------------------------------------------

Report BlackBoxes: 
+------+----------------------------+----------+
|      |BlackBox name               |Instances |
+------+----------------------------+----------+
|1     |cuoiki_xbar_0               |         1|
|2     |cuoiki_axi_gpio_0_0         |         1|
|3     |cuoiki_axi_uartlite_0_0     |         1|
|4     |cuoiki_axi_uartlite_1_0     |         1|
|5     |cuoiki_clk_wiz_1_0          |         1|
|6     |cuoiki_mdm_1_0              |         1|
|7     |cuoiki_microblaze_0_0       |         1|
|8     |cuoiki_present_ctr_0_4      |         1|
|9     |cuoiki_rst_clk_wiz_1_100M_0 |         1|
|10    |cuoiki_dlmb_bram_if_cntlr_0 |         1|
|11    |cuoiki_dlmb_v10_0           |         1|
|12    |cuoiki_ilmb_bram_if_cntlr_0 |         1|
|13    |cuoiki_ilmb_v10_0           |         1|
|14    |cuoiki_lmb_bram_0           |         1|
+------+----------------------------+----------+

Report Cell Usage: 
+------+---------------------------------+------+
|      |Cell                             |Count |
+------+---------------------------------+------+
|1     |cuoiki_axi_gpio_0_0_bbox         |     1|
|2     |cuoiki_axi_uartlite_0_0_bbox     |     1|
|3     |cuoiki_axi_uartlite_1_0_bbox     |     1|
|4     |cuoiki_clk_wiz_1_0_bbox          |     1|
|5     |cuoiki_dlmb_bram_if_cntlr_0_bbox |     1|
|6     |cuoiki_dlmb_v10_0_bbox           |     1|
|7     |cuoiki_ilmb_bram_if_cntlr_0_bbox |     1|
|8     |cuoiki_ilmb_v10_0_bbox           |     1|
|9     |cuoiki_lmb_bram_0_bbox           |     1|
|10    |cuoiki_mdm_1_0_bbox              |     1|
|11    |cuoiki_microblaze_0_0_bbox       |     1|
|12    |cuoiki_present_ctr_0_4_bbox      |     1|
|13    |cuoiki_rst_clk_wiz_1_100M_0_bbox |     1|
|14    |cuoiki_xbar_0_bbox               |     1|
|15    |IBUF                             |     3|
|16    |OBUF                             |     6|
+------+---------------------------------+------+
---------------------------------------------------------------------------------
Finished Writing Synthesis Report : Time (s): cpu = 00:01:16 ; elapsed = 00:01:28 . Memory (MB): peak = 1519.832 ; gain = 533.426
---------------------------------------------------------------------------------
Synthesis finished with 0 errors, 0 critical warnings and 11 warnings.
Synthesis Optimization Runtime : Time (s): cpu = 00:00:52 ; elapsed = 00:01:22 . Memory (MB): peak = 1519.832 ; gain = 509.031
Synthesis Optimization Complete : Time (s): cpu = 00:01:17 ; elapsed = 00:01:29 . Memory (MB): peak = 1519.832 ; gain = 533.426
INFO: [Project 1-571] Translating synthesized netlist
Netlist sorting complete. Time (s): cpu = 00:00:00 ; elapsed = 00:00:00.038 . Memory (MB): peak = 1519.832 ; gain = 0.000
INFO: [Project 1-570] Preparing netlist for logic optimization
INFO: [Opt 31-138] Pushed 0 inverter(s) to 0 load pin(s).
Netlist sorting complete. Time (s): cpu = 00:00:00 ; elapsed = 00:00:00 . Memory (MB): peak = 1520.887 ; gain = 0.000
INFO: [Project 1-111] Unisim Transformation Summary:
No Unisim elements were transformed.

Synth Design complete, checksum: 6a3ce695
INFO: [Common 17-83] Releasing license: Synthesis
71 Infos, 45 Warnings, 0 Critical Warnings and 0 Errors encountered.
synth_design completed successfully
synth_design: Time (s): cpu = 00:01:30 ; elapsed = 00:01:47 . Memory (MB): peak = 1520.887 ; gain = 911.348
INFO: [Common 17-1381] The checkpoint 'C:/Users/S88 Service/Desktop/vivado_nhng/ednacuoiki/ednacuoiki.runs/synth_1/cuoiki_wrapper.dcp' has been generated.
INFO: [runtcl-4] Executing : report_utilization -file cuoiki_wrapper_utilization_synth.rpt -pb cuoiki_wrapper_utilization_synth.pb
INFO: [Common 17-206] Exiting Vivado at Wed Dec 31 16:37:30 2025...
