
*** Running vivado
    with args -log cuoiki_rst_clk_wiz_1_100M_0.vds -m64 -product Vivado -mode batch -messageDb vivado.pb -notrace -source cuoiki_rst_clk_wiz_1_100M_0.tcl



****** Vivado v2022.2 (64-bit)
  **** SW Build 3671981 on Fri Oct 14 05:00:03 MDT 2022
  **** IP Build 3669848 on Fri Oct 14 08:30:02 MDT 2022
    ** Copyright 1986-2022 Xilinx, Inc. All Rights Reserved.

source cuoiki_rst_clk_wiz_1_100M_0.tcl -notrace
create_project: Time (s): cpu = 00:00:16 ; elapsed = 00:00:17 . Memory (MB): peak = 550.145 ; gain = 117.918
INFO: [IP_Flow 19-234] Refreshing IP repositories
INFO: [IP_Flow 19-1700] Loaded user IP repository 'c:/Users/S88 Service/Desktop/vivado_nhng/ip_repo'.
INFO: [IP_Flow 19-2313] Loaded Vivado IP repository 'C:/Xilinx/Vivado/2022.2/data/ip'.
INFO: [IP_Flow 19-6924] IPCACHE: Running cache check for IP inst: cuoiki_rst_clk_wiz_1_100M_0
INFO: [IP_Flow 19-6922] IPCACHE: Exporting cached entry 42f287004985cd00 to dir: C:/Users/S88 Service/Desktop/vivado_nhng/ednacuoiki/ednacuoiki.runs/cuoiki_rst_clk_wiz_1_100M_0_synth_1
INFO: [IP_Flow 19-6928] IPCACHE: copied cached file c:/Users/S88 Service/Desktop/vivado_nhng/ednacuoiki/ednacuoiki.cache/ip/2022.2/4/2/42f287004985cd00/cuoiki_rst_clk_wiz_1_100M_0.dcp to C:/Users/S88 Service/Desktop/vivado_nhng/ednacuoiki/ednacuoiki.runs/cuoiki_rst_clk_wiz_1_100M_0_synth_1/cuoiki_rst_clk_wiz_1_100M_0.dcp.
INFO: [IP_Flow 19-6928] IPCACHE: copied cached file c:/Users/S88 Service/Desktop/vivado_nhng/ednacuoiki/ednacuoiki.cache/ip/2022.2/4/2/42f287004985cd00/cuoiki_rst_clk_wiz_1_100M_0_sim_netlist.v to C:/Users/S88 Service/Desktop/vivado_nhng/ednacuoiki/ednacuoiki.runs/cuoiki_rst_clk_wiz_1_100M_0_synth_1/cuoiki_rst_clk_wiz_1_100M_0_sim_netlist.v.
INFO: [IP_Flow 19-6928] IPCACHE: copied cached file c:/Users/S88 Service/Desktop/vivado_nhng/ednacuoiki/ednacuoiki.cache/ip/2022.2/4/2/42f287004985cd00/cuoiki_rst_clk_wiz_1_100M_0_sim_netlist.vhdl to C:/Users/S88 Service/Desktop/vivado_nhng/ednacuoiki/ednacuoiki.runs/cuoiki_rst_clk_wiz_1_100M_0_synth_1/cuoiki_rst_clk_wiz_1_100M_0_sim_netlist.vhdl.
INFO: [IP_Flow 19-6928] IPCACHE: copied cached file c:/Users/S88 Service/Desktop/vivado_nhng/ednacuoiki/ednacuoiki.cache/ip/2022.2/4/2/42f287004985cd00/cuoiki_rst_clk_wiz_1_100M_0_stub.v to C:/Users/S88 Service/Desktop/vivado_nhng/ednacuoiki/ednacuoiki.runs/cuoiki_rst_clk_wiz_1_100M_0_synth_1/cuoiki_rst_clk_wiz_1_100M_0_stub.v.
INFO: [IP_Flow 19-6928] IPCACHE: copied cached file c:/Users/S88 Service/Desktop/vivado_nhng/ednacuoiki/ednacuoiki.cache/ip/2022.2/4/2/42f287004985cd00/cuoiki_rst_clk_wiz_1_100M_0_stub.vhdl to C:/Users/S88 Service/Desktop/vivado_nhng/ednacuoiki/ednacuoiki.runs/cuoiki_rst_clk_wiz_1_100M_0_synth_1/cuoiki_rst_clk_wiz_1_100M_0_stub.vhdl.
INFO: [IP_Flow 19-4838] Using cached IP synthesis design for IP cuoiki_rst_clk_wiz_1_100M_0, cache-ID = 42f287004985cd00.
INFO: [Common 17-206] Exiting Vivado at Mon Jan  5 02:57:00 2026...
